2026-03-30 16:15:32.642 [com.clubmanagement.MainApp.main()] INFO  com.clubmanagement.MainApp - FlatLaf Look & Feel đã được cài đặt.
2026-03-30 16:15:32.647 [com.clubmanagement.MainApp.main()] INFO  com.clubmanagement.MainApp - Đang kết nối tới MySQL database...
2026-03-30 16:15:32.647 [com.clubmanagement.MainApp.main()] INFO  com.clubmanagement.util.HibernateUtil - Đang khởi tạo Hibernate SessionFactory...
2026-03-30 16:15:33.214 [com.clubmanagement.MainApp.main()] WARN  org.hibernate.orm.connections.pooling - HHH10001002: Using built-in connection pool (not intended for production use)
2026-03-30 16:15:33.452 [com.clubmanagement.MainApp.main()] WARN  org.hibernate.orm.deprecation - HHH90000025: MySQLDialect does not need to be specified explicitly using 'hibernate.dialect' (remove the property setting and it will be selected by default)
2026-03-30 16:15:34.967 [com.clubmanagement.MainApp.main()] ERROR com.clubmanagement.util.HibernateUtil - Không thể khởi tạo Hibernate SessionFactory: Schema-validation: wrong column type encountered in column [target_audience] in table [announcements]; found [enum (Types#CHAR)], but expecting [varchar(20) (Types#VARCHAR)]
org.hibernate.tool.schema.spi.SchemaManagementException: Schema-validation: wrong column type encountered in column [target_audience] in table [announcements]; found [enum (Types#CHAR)], but expecting [varchar(20) (Types#VARCHAR)]
	at org.hibernate.tool.schema.internal.AbstractSchemaValidator.validateColumnType(AbstractSchemaValidator.java:165)
	at org.hibernate.tool.schema.internal.AbstractSchemaValidator.validateTable(AbstractSchemaValidator.java:152)
	at org.hibernate.tool.schema.internal.GroupedSchemaValidatorImpl.validateTables(GroupedSchemaValidatorImpl.java:46)
	at org.hibernate.tool.schema.internal.AbstractSchemaValidator.performValidation(AbstractSchemaValidator.java:97)
	at org.hibernate.tool.schema.internal.AbstractSchemaValidator.doValidation(AbstractSchemaValidator.java:75)
	at org.hibernate.tool.schema.spi.SchemaManagementToolCoordinator.performDatabaseAction(SchemaManagementToolCoordinator.java:295)
	at org.hibernate.tool.schema.spi.SchemaManagementToolCoordinator.lambda$process$5(SchemaManagementToolCoordinator.java:145)
	at java.base/java.util.HashMap.forEach(HashMap.java:1421)
	at org.hibernate.tool.schema.spi.SchemaManagementToolCoordinator.process(SchemaManagementToolCoordinator.java:142)
	at org.hibernate.boot.internal.SessionFactoryObserverForSchemaExport.sessionFactoryCreated(SessionFactoryObserverForSchemaExport.java:37)
	at org.hibernate.internal.SessionFactoryObserverChain.sessionFactoryCreated(SessionFactoryObserverChain.java:35)
	at org.hibernate.internal.SessionFactoryImpl.<init>(SessionFactoryImpl.java:315)
	at org.hibernate.boot.internal.SessionFactoryBuilderImpl.build(SessionFactoryBuilderImpl.java:450)
	at org.hibernate.cfg.Configuration.buildSessionFactory(Configuration.java:941)
	at org.hibernate.cfg.Configuration.buildSessionFactory(Configuration.java:960)
	at com.clubmanagement.util.HibernateUtil.<clinit>(HibernateUtil.java:32)
	at com.clubmanagement.MainApp.main(MainApp.java:86)
	at java.base/jdk.internal.reflect.NativeMethodAccessorImpl.invoke0(Native Method)
	at java.base/jdk.internal.reflect.NativeMethodAccessorImpl.invoke(NativeMethodAccessorImpl.java:77)
	at java.base/jdk.internal.reflect.DelegatingMethodAccessorImpl.invoke(DelegatingMethodAccessorImpl.java:43)
	at java.base/java.lang.reflect.Method.invoke(Method.java:568)
	at org.codehaus.mojo.exec.AbstractExecJavaBase.executeMainMethod(AbstractExecJavaBase.java:402)
	at org.codehaus.mojo.exec.ExecJavaMojo.executeMainMethod(ExecJavaMojo.java:142)
	at org.codehaus.mojo.exec.AbstractExecJavaBase.doExecClassLoader(AbstractExecJavaBase.java:377)
	at org.codehaus.mojo.exec.AbstractExecJavaBase.lambda$execute$0(AbstractExecJavaBase.java:287)
	at java.base/java.lang.Thread.run(Thread.java:842)
2026-03-30 16:15:50.017 [ShutdownHook-Hibernate] INFO  com.clubmanagement.MainApp - Ứng dụng đang tắt, đóng Hibernate...
2026-03-30 16:17:07.258 [com.clubmanagement.MainApp.main()] INFO  com.clubmanagement.MainApp - FlatLaf Look & Feel đã được cài đặt.
2026-03-30 16:17:07.258 [com.clubmanagement.MainApp.main()] INFO  com.clubmanagement.MainApp - Đang kết nối tới MySQL database...
2026-03-30 16:17:07.258 [com.clubmanagement.MainApp.main()] INFO  com.clubmanagement.util.HibernateUtil - Đang khởi tạo Hibernate SessionFactory...
2026-03-30 16:17:07.673 [com.clubmanagement.MainApp.main()] WARN  org.hibernate.orm.connections.pooling - HHH10001002: Using built-in connection pool (not intended for production use)
2026-03-30 16:17:07.863 [com.clubmanagement.MainApp.main()] WARN  org.hibernate.orm.deprecation - HHH90000025: MySQLDialect does not need to be specified explicitly using 'hibernate.dialect' (remove the property setting and it will be selected by default)
2026-03-30 16:17:09.305 [com.clubmanagement.MainApp.main()] ERROR com.clubmanagement.util.HibernateUtil - Không thể khởi tạo Hibernate SessionFactory: Schema-validation: wrong column type encountered in column [target_audience] in table [announcements]; found [enum (Types#CHAR)], but expecting [varchar(20) (Types#VARCHAR)]
org.hibernate.tool.schema.spi.SchemaManagementException: Schema-validation: wrong column type encountered in column [target_audience] in table [announcements]; found [enum (Types#CHAR)], but expecting [varchar(20) (Types#VARCHAR)]
	at org.hibernate.tool.schema.internal.AbstractSchemaValidator.validateColumnType(AbstractSchemaValidator.java:165)
	at org.hibernate.tool.schema.internal.AbstractSchemaValidator.validateTable(AbstractSchemaValidator.java:152)
	at org.hibernate.tool.schema.internal.GroupedSchemaValidatorImpl.validateTables(GroupedSchemaValidatorImpl.java:46)
	at org.hibernate.tool.schema.internal.AbstractSchemaValidator.performValidation(AbstractSchemaValidator.java:97)
	at org.hibernate.tool.schema.internal.AbstractSchemaValidator.doValidation(AbstractSchemaValidator.java:75)
	at org.hibernate.tool.schema.spi.SchemaManagementToolCoordinator.performDatabaseAction(SchemaManagementToolCoordinator.java:295)
	at org.hibernate.tool.schema.spi.SchemaManagementToolCoordinator.lambda$process$5(SchemaManagementToolCoordinator.java:145)
	at java.base/java.util.HashMap.forEach(HashMap.java:1421)
	at org.hibernate.tool.schema.spi.SchemaManagementToolCoordinator.process(SchemaManagementToolCoordinator.java:142)
	at org.hibernate.boot.internal.SessionFactoryObserverForSchemaExport.sessionFactoryCreated(SessionFactoryObserverForSchemaExport.java:37)
	at org.hibernate.internal.SessionFactoryObserverChain.sessionFactoryCreated(SessionFactoryObserverChain.java:35)
	at org.hibernate.internal.SessionFactoryImpl.<init>(SessionFactoryImpl.java:315)
	at org.hibernate.boot.internal.SessionFactoryBuilderImpl.build(SessionFactoryBuilderImpl.java:450)
	at org.hibernate.cfg.Configuration.buildSessionFactory(Configuration.java:941)
	at org.hibernate.cfg.Configuration.buildSessionFactory(Configuration.java:960)
	at com.clubmanagement.util.HibernateUtil.<clinit>(HibernateUtil.java:32)
	at com.clubmanagement.MainApp.main(MainApp.java:86)
	at java.base/jdk.internal.reflect.NativeMethodAccessorImpl.invoke0(Native Method)
	at java.base/jdk.internal.reflect.NativeMethodAccessorImpl.invoke(NativeMethodAccessorImpl.java:77)
	at java.base/jdk.internal.reflect.DelegatingMethodAccessorImpl.invoke(DelegatingMethodAccessorImpl.java:43)
	at java.base/java.lang.reflect.Method.invoke(Method.java:568)
	at org.codehaus.mojo.exec.AbstractExecJavaBase.executeMainMethod(AbstractExecJavaBase.java:402)
	at org.codehaus.mojo.exec.ExecJavaMojo.executeMainMethod(ExecJavaMojo.java:142)
	at org.codehaus.mojo.exec.AbstractExecJavaBase.doExecClassLoader(AbstractExecJavaBase.java:377)
	at org.codehaus.mojo.exec.AbstractExecJavaBase.lambda$execute$0(AbstractExecJavaBase.java:287)
	at java.base/java.lang.Thread.run(Thread.java:842)
2026-03-30 16:17:24.374 [ShutdownHook-Hibernate] INFO  com.clubmanagement.MainApp - Ứng dụng đang tắt, đóng Hibernate...
2026-03-30 16:19:33.818 [com.clubmanagement.MainApp.main()] INFO  com.clubmanagement.MainApp - FlatLaf Look & Feel đã được cài đặt.
2026-03-30 16:19:33.818 [com.clubmanagement.MainApp.main()] INFO  com.clubmanagement.MainApp - Đang kết nối tới MySQL database...
2026-03-30 16:19:33.818 [com.clubmanagement.MainApp.main()] INFO  com.clubmanagement.util.HibernateUtil - Đang khởi tạo Hibernate SessionFactory...
2026-03-30 16:19:34.278 [com.clubmanagement.MainApp.main()] WARN  org.hibernate.orm.connections.pooling - HHH10001002: Using built-in connection pool (not intended for production use)
2026-03-30 16:19:34.496 [com.clubmanagement.MainApp.main()] WARN  org.hibernate.orm.deprecation - HHH90000025: MySQLDialect does not need to be specified explicitly using 'hibernate.dialect' (remove the property setting and it will be selected by default)
2026-03-30 16:19:36.035 [com.clubmanagement.MainApp.main()] ERROR com.clubmanagement.util.HibernateUtil - Không thể khởi tạo Hibernate SessionFactory: Schema-validation: wrong column type encountered in column [status] in table [attendances]; found [enum (Types#CHAR)], but expecting [varchar(20) (Types#VARCHAR)]
org.hibernate.tool.schema.spi.SchemaManagementException: Schema-validation: wrong column type encountered in column [status] in table [attendances]; found [enum (Types#CHAR)], but expecting [varchar(20) (Types#VARCHAR)]
	at org.hibernate.tool.schema.internal.AbstractSchemaValidator.validateColumnType(AbstractSchemaValidator.java:165)
	at org.hibernate.tool.schema.internal.AbstractSchemaValidator.validateTable(AbstractSchemaValidator.java:152)
	at org.hibernate.tool.schema.internal.GroupedSchemaValidatorImpl.validateTables(GroupedSchemaValidatorImpl.java:46)
	at org.hibernate.tool.schema.internal.AbstractSchemaValidator.performValidation(AbstractSchemaValidator.java:97)
	at org.hibernate.tool.schema.internal.AbstractSchemaValidator.doValidation(AbstractSchemaValidator.java:75)
	at org.hibernate.tool.schema.spi.SchemaManagementToolCoordinator.performDatabaseAction(SchemaManagementToolCoordinator.java:295)
	at org.hibernate.tool.schema.spi.SchemaManagementToolCoordinator.lambda$process$5(SchemaManagementToolCoordinator.java:145)
	at java.base/java.util.HashMap.forEach(HashMap.java:1421)
	at org.hibernate.tool.schema.spi.SchemaManagementToolCoordinator.process(SchemaManagementToolCoordinator.java:142)
	at org.hibernate.boot.internal.SessionFactoryObserverForSchemaExport.sessionFactoryCreated(SessionFactoryObserverForSchemaExport.java:37)
	at org.hibernate.internal.SessionFactoryObserverChain.sessionFactoryCreated(SessionFactoryObserverChain.java:35)
	at org.hibernate.internal.SessionFactoryImpl.<init>(SessionFactoryImpl.java:315)
	at org.hibernate.boot.internal.SessionFactoryBuilderImpl.build(SessionFactoryBuilderImpl.java:450)
	at org.hibernate.cfg.Configuration.buildSessionFactory(Configuration.java:941)
	at org.hibernate.cfg.Configuration.buildSessionFactory(Configuration.java:960)
	at com.clubmanagement.util.HibernateUtil.<clinit>(HibernateUtil.java:32)
	at com.clubmanagement.MainApp.main(MainApp.java:86)
	at java.base/jdk.internal.reflect.NativeMethodAccessorImpl.invoke0(Native Method)
	at java.base/jdk.internal.reflect.NativeMethodAccessorImpl.invoke(NativeMethodAccessorImpl.java:77)
	at java.base/jdk.internal.reflect.DelegatingMethodAccessorImpl.invoke(DelegatingMethodAccessorImpl.java:43)
	at java.base/java.lang.reflect.Method.invoke(Method.java:568)
	at org.codehaus.mojo.exec.AbstractExecJavaBase.executeMainMethod(AbstractExecJavaBase.java:402)
	at org.codehaus.mojo.exec.ExecJavaMojo.executeMainMethod(ExecJavaMojo.java:142)
	at org.codehaus.mojo.exec.AbstractExecJavaBase.doExecClassLoader(AbstractExecJavaBase.java:377)
	at org.codehaus.mojo.exec.AbstractExecJavaBase.lambda$execute$0(AbstractExecJavaBase.java:287)
	at java.base/java.lang.Thread.run(Thread.java:842)
2026-03-30 16:19:51.093 [ShutdownHook-Hibernate] INFO  com.clubmanagement.MainApp - Ứng dụng đang tắt, đóng Hibernate...
2026-03-30 16:22:15.433 [com.clubmanagement.MainApp.main()] INFO  com.clubmanagement.MainApp - FlatLaf Look & Feel đã được cài đặt.
2026-03-30 16:22:15.435 [com.clubmanagement.MainApp.main()] INFO  com.clubmanagement.MainApp - Đang kết nối tới MySQL database...
2026-03-30 16:22:15.435 [com.clubmanagement.MainApp.main()] INFO  com.clubmanagement.util.HibernateUtil - Đang khởi tạo Hibernate SessionFactory...
2026-03-30 16:22:15.822 [com.clubmanagement.MainApp.main()] WARN  org.hibernate.orm.connections.pooling - HHH10001002: Using built-in connection pool (not intended for production use)
2026-03-30 16:22:16.021 [com.clubmanagement.MainApp.main()] WARN  org.hibernate.orm.deprecation - HHH90000025: MySQLDialect does not need to be specified explicitly using 'hibernate.dialect' (remove the property setting and it will be selected by default)
2026-03-30 16:22:17.334 [com.clubmanagement.MainApp.main()] ERROR com.clubmanagement.util.HibernateUtil - Không thể khởi tạo Hibernate SessionFactory: Schema-validation: wrong column type encountered in column [status] in table [events]; found [enum (Types#CHAR)], but expecting [varchar(20) (Types#VARCHAR)]
org.hibernate.tool.schema.spi.SchemaManagementException: Schema-validation: wrong column type encountered in column [status] in table [events]; found [enum (Types#CHAR)], but expecting [varchar(20) (Types#VARCHAR)]
	at org.hibernate.tool.schema.internal.AbstractSchemaValidator.validateColumnType(AbstractSchemaValidator.java:165)
	at org.hibernate.tool.schema.internal.AbstractSchemaValidator.validateTable(AbstractSchemaValidator.java:152)
	at org.hibernate.tool.schema.internal.GroupedSchemaValidatorImpl.validateTables(GroupedSchemaValidatorImpl.java:46)
	at org.hibernate.tool.schema.internal.AbstractSchemaValidator.performValidation(AbstractSchemaValidator.java:97)
	at org.hibernate.tool.schema.internal.AbstractSchemaValidator.doValidation(AbstractSchemaValidator.java:75)
	at org.hibernate.tool.schema.spi.SchemaManagementToolCoordinator.performDatabaseAction(SchemaManagementToolCoordinator.java:295)
	at org.hibernate.tool.schema.spi.SchemaManagementToolCoordinator.lambda$process$5(SchemaManagementToolCoordinator.java:145)
	at java.base/java.util.HashMap.forEach(HashMap.java:1421)
	at org.hibernate.tool.schema.spi.SchemaManagementToolCoordinator.process(SchemaManagementToolCoordinator.java:142)
	at org.hibernate.boot.internal.SessionFactoryObserverForSchemaExport.sessionFactoryCreated(SessionFactoryObserverForSchemaExport.java:37)
	at org.hibernate.internal.SessionFactoryObserverChain.sessionFactoryCreated(SessionFactoryObserverChain.java:35)
	at org.hibernate.internal.SessionFactoryImpl.<init>(SessionFactoryImpl.java:315)
	at org.hibernate.boot.internal.SessionFactoryBuilderImpl.build(SessionFactoryBuilderImpl.java:450)
	at org.hibernate.cfg.Configuration.buildSessionFactory(Configuration.java:941)
	at org.hibernate.cfg.Configuration.buildSessionFactory(Configuration.java:960)
	at com.clubmanagement.util.HibernateUtil.<clinit>(HibernateUtil.java:32)
	at com.clubmanagement.MainApp.main(MainApp.java:86)
	at java.base/jdk.internal.reflect.NativeMethodAccessorImpl.invoke0(Native Method)
	at java.base/jdk.internal.reflect.NativeMethodAccessorImpl.invoke(NativeMethodAccessorImpl.java:77)
	at java.base/jdk.internal.reflect.DelegatingMethodAccessorImpl.invoke(DelegatingMethodAccessorImpl.java:43)
	at java.base/java.lang.reflect.Method.invoke(Method.java:568)
	at org.codehaus.mojo.exec.AbstractExecJavaBase.executeMainMethod(AbstractExecJavaBase.java:402)
	at org.codehaus.mojo.exec.ExecJavaMojo.executeMainMethod(ExecJavaMojo.java:142)
	at org.codehaus.mojo.exec.AbstractExecJavaBase.doExecClassLoader(AbstractExecJavaBase.java:377)
	at org.codehaus.mojo.exec.AbstractExecJavaBase.lambda$execute$0(AbstractExecJavaBase.java:287)
	at java.base/java.lang.Thread.run(Thread.java:842)
2026-03-30 16:22:32.383 [ShutdownHook-Hibernate] INFO  com.clubmanagement.MainApp - Ứng dụng đang tắt, đóng Hibernate...
2026-03-30 16:23:13.605 [com.clubmanagement.MainApp.main()] INFO  com.clubmanagement.MainApp - FlatLaf Look & Feel đã được cài đặt.
2026-03-30 16:23:13.607 [com.clubmanagement.MainApp.main()] INFO  com.clubmanagement.MainApp - Đang kết nối tới MySQL database...
2026-03-30 16:23:13.607 [com.clubmanagement.MainApp.main()] INFO  com.clubmanagement.util.HibernateUtil - Đang khởi tạo Hibernate SessionFactory...
2026-03-30 16:23:14.008 [com.clubmanagement.MainApp.main()] WARN  org.hibernate.orm.connections.pooling - HHH10001002: Using built-in connection pool (not intended for production use)
2026-03-30 16:23:14.227 [com.clubmanagement.MainApp.main()] WARN  org.hibernate.orm.deprecation - HHH90000025: MySQLDialect does not need to be specified explicitly using 'hibernate.dialect' (remove the property setting and it will be selected by default)
2026-03-30 16:23:15.622 [com.clubmanagement.MainApp.main()] ERROR com.clubmanagement.util.HibernateUtil - Không thể khởi tạo Hibernate SessionFactory: Schema-validation: wrong column type encountered in column [feedback_type] in table [feedbacks]; found [enum (Types#CHAR)], but expecting [varchar(20) (Types#VARCHAR)]
org.hibernate.tool.schema.spi.SchemaManagementException: Schema-validation: wrong column type encountered in column [feedback_type] in table [feedbacks]; found [enum (Types#CHAR)], but expecting [varchar(20) (Types#VARCHAR)]
	at org.hibernate.tool.schema.internal.AbstractSchemaValidator.validateColumnType(AbstractSchemaValidator.java:165)
	at org.hibernate.tool.schema.internal.AbstractSchemaValidator.validateTable(AbstractSchemaValidator.java:152)
	at org.hibernate.tool.schema.internal.GroupedSchemaValidatorImpl.validateTables(GroupedSchemaValidatorImpl.java:46)
	at org.hibernate.tool.schema.internal.AbstractSchemaValidator.performValidation(AbstractSchemaValidator.java:97)
	at org.hibernate.tool.schema.internal.AbstractSchemaValidator.doValidation(AbstractSchemaValidator.java:75)
	at org.hibernate.tool.schema.spi.SchemaManagementToolCoordinator.performDatabaseAction(SchemaManagementToolCoordinator.java:295)
	at org.hibernate.tool.schema.spi.SchemaManagementToolCoordinator.lambda$process$5(SchemaManagementToolCoordinator.java:145)
	at java.base/java.util.HashMap.forEach(HashMap.java:1421)
	at org.hibernate.tool.schema.spi.SchemaManagementToolCoordinator.process(SchemaManagementToolCoordinator.java:142)
	at org.hibernate.boot.internal.SessionFactoryObserverForSchemaExport.sessionFactoryCreated(SessionFactoryObserverForSchemaExport.java:37)
	at org.hibernate.internal.SessionFactoryObserverChain.sessionFactoryCreated(SessionFactoryObserverChain.java:35)
	at org.hibernate.internal.SessionFactoryImpl.<init>(SessionFactoryImpl.java:315)
	at org.hibernate.boot.internal.SessionFactoryBuilderImpl.build(SessionFactoryBuilderImpl.java:450)
	at org.hibernate.cfg.Configuration.buildSessionFactory(Configuration.java:941)
	at org.hibernate.cfg.Configuration.buildSessionFactory(Configuration.java:960)
	at com.clubmanagement.util.HibernateUtil.<clinit>(HibernateUtil.java:32)
	at com.clubmanagement.MainApp.main(MainApp.java:86)
	at java.base/jdk.internal.reflect.NativeMethodAccessorImpl.invoke0(Native Method)
	at java.base/jdk.internal.reflect.NativeMethodAccessorImpl.invoke(NativeMethodAccessorImpl.java:77)
	at java.base/jdk.internal.reflect.DelegatingMethodAccessorImpl.invoke(DelegatingMethodAccessorImpl.java:43)
	at java.base/java.lang.reflect.Method.invoke(Method.java:568)
	at org.codehaus.mojo.exec.AbstractExecJavaBase.executeMainMethod(AbstractExecJavaBase.java:402)
	at org.codehaus.mojo.exec.ExecJavaMojo.executeMainMethod(ExecJavaMojo.java:142)
	at org.codehaus.mojo.exec.AbstractExecJavaBase.doExecClassLoader(AbstractExecJavaBase.java:377)
	at org.codehaus.mojo.exec.AbstractExecJavaBase.lambda$execute$0(AbstractExecJavaBase.java:287)
	at java.base/java.lang.Thread.run(Thread.java:842)
2026-03-30 16:23:30.687 [ShutdownHook-Hibernate] INFO  com.clubmanagement.MainApp - Ứng dụng đang tắt, đóng Hibernate...
2026-03-30 16:28:55.243 [com.clubmanagement.MainApp.main()] INFO  com.clubmanagement.MainApp - FlatLaf Look & Feel đã được cài đặt.
2026-03-30 16:28:55.245 [com.clubmanagement.MainApp.main()] INFO  com.clubmanagement.MainApp - Đang kết nối tới MySQL database...
2026-03-30 16:28:55.246 [com.clubmanagement.MainApp.main()] INFO  com.clubmanagement.util.HibernateUtil - Đang khởi tạo Hibernate SessionFactory...
2026-03-30 16:28:55.675 [com.clubmanagement.MainApp.main()] WARN  org.hibernate.orm.connections.pooling - HHH10001002: Using built-in connection pool (not intended for production use)
2026-03-30 16:28:55.899 [com.clubmanagement.MainApp.main()] WARN  org.hibernate.orm.deprecation - HHH90000025: MySQLDialect does not need to be specified explicitly using 'hibernate.dialect' (remove the property setting and it will be selected by default)
2026-03-30 16:28:57.301 [com.clubmanagement.MainApp.main()] ERROR com.clubmanagement.util.HibernateUtil - Không thể khởi tạo Hibernate SessionFactory: Schema-validation: wrong column type encountered in column [rating] in table [feedbacks]; found [tinyint (Types#TINYINT)], but expecting [integer (Types#INTEGER)]
org.hibernate.tool.schema.spi.SchemaManagementException: Schema-validation: wrong column type encountered in column [rating] in table [feedbacks]; found [tinyint (Types#TINYINT)], but expecting [integer (Types#INTEGER)]
	at org.hibernate.tool.schema.internal.AbstractSchemaValidator.validateColumnType(AbstractSchemaValidator.java:165)
	at org.hibernate.tool.schema.internal.AbstractSchemaValidator.validateTable(AbstractSchemaValidator.java:152)
	at org.hibernate.tool.schema.internal.GroupedSchemaValidatorImpl.validateTables(GroupedSchemaValidatorImpl.java:46)
	at org.hibernate.tool.schema.internal.AbstractSchemaValidator.performValidation(AbstractSchemaValidator.java:97)
	at org.hibernate.tool.schema.internal.AbstractSchemaValidator.doValidation(AbstractSchemaValidator.java:75)
	at org.hibernate.tool.schema.spi.SchemaManagementToolCoordinator.performDatabaseAction(SchemaManagementToolCoordinator.java:295)
	at org.hibernate.tool.schema.spi.SchemaManagementToolCoordinator.lambda$process$5(SchemaManagementToolCoordinator.java:145)
	at java.base/java.util.HashMap.forEach(HashMap.java:1421)
	at org.hibernate.tool.schema.spi.SchemaManagementToolCoordinator.process(SchemaManagementToolCoordinator.java:142)
	at org.hibernate.boot.internal.SessionFactoryObserverForSchemaExport.sessionFactoryCreated(SessionFactoryObserverForSchemaExport.java:37)
	at org.hibernate.internal.SessionFactoryObserverChain.sessionFactoryCreated(SessionFactoryObserverChain.java:35)
	at org.hibernate.internal.SessionFactoryImpl.<init>(SessionFactoryImpl.java:315)
	at org.hibernate.boot.internal.SessionFactoryBuilderImpl.build(SessionFactoryBuilderImpl.java:450)
	at org.hibernate.cfg.Configuration.buildSessionFactory(Configuration.java:941)
	at org.hibernate.cfg.Configuration.buildSessionFactory(Configuration.java:960)
	at com.clubmanagement.util.HibernateUtil.<clinit>(HibernateUtil.java:32)
	at com.clubmanagement.MainApp.main(MainApp.java:86)
	at java.base/jdk.internal.reflect.NativeMethodAccessorImpl.invoke0(Native Method)
	at java.base/jdk.internal.reflect.NativeMethodAccessorImpl.invoke(NativeMethodAccessorImpl.java:77)
	at java.base/jdk.internal.reflect.DelegatingMethodAccessorImpl.invoke(DelegatingMethodAccessorImpl.java:43)
	at java.base/java.lang.reflect.Method.invoke(Method.java:568)
	at org.codehaus.mojo.exec.AbstractExecJavaBase.executeMainMethod(AbstractExecJavaBase.java:402)
	at org.codehaus.mojo.exec.ExecJavaMojo.executeMainMethod(ExecJavaMojo.java:142)
	at org.codehaus.mojo.exec.AbstractExecJavaBase.doExecClassLoader(AbstractExecJavaBase.java:377)
	at org.codehaus.mojo.exec.AbstractExecJavaBase.lambda$execute$0(AbstractExecJavaBase.java:287)
	at java.base/java.lang.Thread.run(Thread.java:842)
2026-03-30 20:14:30.405 [com.clubmanagement.MainApp.main()] INFO  com.clubmanagement.MainApp - FlatLaf Look & Feel đã được cài đặt.
2026-03-30 20:14:30.413 [com.clubmanagement.MainApp.main()] INFO  com.clubmanagement.MainApp - Đang kết nối tới MySQL database...
2026-03-30 20:14:30.414 [com.clubmanagement.MainApp.main()] INFO  com.clubmanagement.util.HibernateUtil - Đang khởi tạo Hibernate SessionFactory...
2026-03-30 20:14:31.204 [com.clubmanagement.MainApp.main()] WARN  org.hibernate.orm.connections.pooling - HHH10001002: Using built-in connection pool (not intended for production use)
2026-03-30 20:14:31.644 [com.clubmanagement.MainApp.main()] WARN  org.hibernate.orm.deprecation - HHH90000025: MySQLDialect does not need to be specified explicitly using 'hibernate.dialect' (remove the property setting and it will be selected by default)
2026-03-30 20:14:33.790 [com.clubmanagement.MainApp.main()] ERROR com.clubmanagement.util.HibernateUtil - Không thể khởi tạo Hibernate SessionFactory: Schema-validation: wrong column type encountered in column [rating] in table [feedbacks]; found [tinyint (Types#TINYINT)], but expecting [integer (Types#INTEGER)]
org.hibernate.tool.schema.spi.SchemaManagementException: Schema-validation: wrong column type encountered in column [rating] in table [feedbacks]; found [tinyint (Types#TINYINT)], but expecting [integer (Types#INTEGER)]
	at org.hibernate.tool.schema.internal.AbstractSchemaValidator.validateColumnType(AbstractSchemaValidator.java:165)
	at org.hibernate.tool.schema.internal.AbstractSchemaValidator.validateTable(AbstractSchemaValidator.java:152)
	at org.hibernate.tool.schema.internal.GroupedSchemaValidatorImpl.validateTables(GroupedSchemaValidatorImpl.java:46)
	at org.hibernate.tool.schema.internal.AbstractSchemaValidator.performValidation(AbstractSchemaValidator.java:97)
	at org.hibernate.tool.schema.internal.AbstractSchemaValidator.doValidation(AbstractSchemaValidator.java:75)
	at org.hibernate.tool.schema.spi.SchemaManagementToolCoordinator.performDatabaseAction(SchemaManagementToolCoordinator.java:295)
	at org.hibernate.tool.schema.spi.SchemaManagementToolCoordinator.lambda$process$5(SchemaManagementToolCoordinator.java:145)
	at java.base/java.util.HashMap.forEach(HashMap.java:1421)
	at org.hibernate.tool.schema.spi.SchemaManagementToolCoordinator.process(SchemaManagementToolCoordinator.java:142)
	at org.hibernate.boot.internal.SessionFactoryObserverForSchemaExport.sessionFactoryCreated(SessionFactoryObserverForSchemaExport.java:37)
	at org.hibernate.internal.SessionFactoryObserverChain.sessionFactoryCreated(SessionFactoryObserverChain.java:35)
	at org.hibernate.internal.SessionFactoryImpl.<init>(SessionFactoryImpl.java:315)
	at org.hibernate.boot.internal.SessionFactoryBuilderImpl.build(SessionFactoryBuilderImpl.java:450)
	at org.hibernate.cfg.Configuration.buildSessionFactory(Configuration.java:941)
	at org.hibernate.cfg.Configuration.buildSessionFactory(Configuration.java:960)
	at com.clubmanagement.util.HibernateUtil.<clinit>(HibernateUtil.java:32)
	at com.clubmanagement.MainApp.main(MainApp.java:86)
	at java.base/jdk.internal.reflect.NativeMethodAccessorImpl.invoke0(Native Method)
	at java.base/jdk.internal.reflect.NativeMethodAccessorImpl.invoke(NativeMethodAccessorImpl.java:77)
	at java.base/jdk.internal.reflect.DelegatingMethodAccessorImpl.invoke(DelegatingMethodAccessorImpl.java:43)
	at java.base/java.lang.reflect.Method.invoke(Method.java:568)
	at org.codehaus.mojo.exec.AbstractExecJavaBase.executeMainMethod(AbstractExecJavaBase.java:402)
	at org.codehaus.mojo.exec.ExecJavaMojo.executeMainMethod(ExecJavaMojo.java:142)
	at org.codehaus.mojo.exec.AbstractExecJavaBase.doExecClassLoader(AbstractExecJavaBase.java:377)
	at org.codehaus.mojo.exec.AbstractExecJavaBase.lambda$execute$0(AbstractExecJavaBase.java:287)
	at java.base/java.lang.Thread.run(Thread.java:842)
2026-03-30 20:14:48.878 [ShutdownHook-Hibernate] INFO  com.clubmanagement.MainApp - Ứng dụng đang tắt, đóng Hibernate...
